Using pre-set license
Built from '2021.1/staging' branch; Version is '2021.1.12f1 (afcadd793de6) revision 11520733'; Using compiler version '192528614'; Build Type 'Release'
OS: 'Windows 10 Home; OS build 19043.1052; Version 2009; 64bit' Language: 'zh' Physical Memory: 8043 MB
BatchMode: 1, IsHumanControllingUs: 0, StartBugReporterOnCrash: 0, Is64bit: 1, IsPro: 0

 COMMAND LINE ARGUMENTS:
D:\unity folder\Editor\Unity.exe
-adb2
-batchMode
-noUpm
-name
AssetImportWorker0
-projectPath
D:/unitygame/Mr.oops
-logFile
Logs/AssetImportWorker0.log
-srvPort
53979
Successfully changed project path to: D:/unitygame/Mr.oops
D:/unitygame/Mr.oops
Using Asset Import Pipeline V2.
Refreshing native plugins compatible for Editor in 288.99 ms, found 4 plugins.
Preloading 0 native plugins for Editor in 0.00 ms.
Initialize engine version: 2021.1.12f1 (afcadd793de6)
[Subsystems] Discovering subsystems at path D:/unity folder/Editor/Data/Resources/UnitySubsystems
[Subsystems] Discovering subsystems at path D:/unitygame/Mr.oops/Assets
GfxDevice: creating device client; threaded=0; jobified=0
Direct3D:
    Version:  Direct3D 11.0 [level 11.1]
    Renderer: NVIDIA GeForce GTX 1650 (ID=0x1f91)
    Vendor:   NVIDIA
    VRAM:     3964 MB
    Driver:   27.21.14.6231
Initialize mono
Mono path[0] = 'D:/unity folder/Editor/Data/Managed'
Mono path[1] = 'D:/unity folder/Editor/Data/MonoBleedingEdge/lib/mono/unityjit'
Mono config path = 'D:/unity folder/Editor/Data/MonoBleedingEdge/etc'
Using monoOptions --debugger-agent=transport=dt_socket,embedding=1,server=y,suspend=n,address=127.0.0.1:56912
Begin MonoManager ReloadAssembly
Registering precompiled unity dll's ...
Register platform support module: D:/unity folder/Editor/Data/PlaybackEngines/WindowsStandaloneSupport/UnityEditor.WindowsStandalone.Extensions.dll
Registered in 0.003257 seconds.
Native extension for WindowsStandalone target not found
Refreshing native plugins compatible for Editor in 268.96 ms, found 4 plugins.
Preloading 0 native plugins for Editor in 0.00 ms.
Mono: successfully reloaded assembly
- Completed reload, in  2.639 seconds
Domain Reload Profiling:
	ReloadAssembly (2639ms)
		BeginReloadAssembly (129ms)
			ExecutionOrderSort (0ms)
			DisableScriptedObjects (0ms)
			BackupInstance (0ms)
			ReleaseScriptingObjects (0ms)
			CreateAndSetChildDomain (3ms)
		EndReloadAssembly (1396ms)
			LoadAssemblies (126ms)
			RebuildTransferFunctionScriptingTraits (0ms)
			SetupTypeCache (524ms)
			ReleaseScriptCaches (0ms)
			RebuildScriptCaches (83ms)
			SetupLoadedEditorAssemblies (672ms)
				LogAssemblyErrors (0ms)
				InitializePlatformSupportModulesInManaged (14ms)
				SetLoadedEditorAssemblies (0ms)
				RefreshPlugins (269ms)
				BeforeProcessingInitializeOnLoad (2ms)
				ProcessInitializeOnLoadAttributes (271ms)
				ProcessInitializeOnLoadMethodAttributes (115ms)
				AfterProcessingInitializeOnLoad (0ms)
				EditorAssembliesLoaded (1ms)
			ExecutionOrderSort2 (0ms)
			AwakeInstancesAfterBackupRestoration (0ms)
Platform modules already initialized, skipping
Registering precompiled user dll's ...
Registered in 0.012221 seconds.
Begin MonoManager ReloadAssembly
Symbol file LoadedFromMemory doesn't match image D:\unitygame\Mr.oops\Library\PackageCache\com.unity.visualscripting@1.6.1\Editor\VisualScripting.Core\Dependencies\DotNetZip\Unity.VisualScripting.IonicZip.dll
Symbol file LoadedFromMemory doesn't match image D:\unitygame\Mr.oops\Library\PackageCache\com.unity.visualscripting@1.6.1\Editor\VisualScripting.Core\Dependencies\YamlDotNet\Unity.VisualScripting.YamlDotNet.dll
Native extension for WindowsStandalone target not found
Refreshing native plugins compatible for Editor in 270.06 ms, found 4 plugins.
Preloading 0 native plugins for Editor in 0.00 ms.
Mono: successfully reloaded assembly
- Completed reload, in  3.579 seconds
Domain Reload Profiling:
	ReloadAssembly (3580ms)
		BeginReloadAssembly (540ms)
			ExecutionOrderSort (0ms)
			DisableScriptedObjects (12ms)
			BackupInstance (0ms)
			ReleaseScriptingObjects (0ms)
			CreateAndSetChildDomain (64ms)
		EndReloadAssembly (2899ms)
			LoadAssemblies (311ms)
			RebuildTransferFunctionScriptingTraits (0ms)
			SetupTypeCache (918ms)
			ReleaseScriptCaches (1ms)
			RebuildScriptCaches (139ms)
			SetupLoadedEditorAssemblies (1347ms)
				LogAssemblyErrors (0ms)
				InitializePlatformSupportModulesInManaged (9ms)
				SetLoadedEditorAssemblies (0ms)
				RefreshPlugins (270ms)
				BeforeProcessingInitializeOnLoad (225ms)
				ProcessInitializeOnLoadAttributes (675ms)
				ProcessInitializeOnLoadMethodAttributes (163ms)
				AfterProcessingInitializeOnLoad (5ms)
				EditorAssembliesLoaded (1ms)
			ExecutionOrderSort2 (0ms)
			AwakeInstancesAfterBackupRestoration (16ms)
Platform modules already initialized, skipping
========================================================================
Worker process is ready to serve import requests
Launched and connected shader compiler UnityShaderCompiler.exe after 0.15 seconds
Refreshing native plugins compatible for Editor in 2.74 ms, found 4 plugins.
Preloading 0 native plugins for Editor in 0.00 ms.
Unloading 4152 Unused Serialized files (Serialized files now loaded: 0)
System memory in use before: 149.0 MB.
System memory in use after: 83.8 MB.

Unloading 73 unused Assets to reduce memory usage. Loaded Objects now: 4564.
Total: 23.171100 ms (FindLiveObjects: 0.690100 ms CreateObjectMapping: 0.605100 ms MarkObjects: 21.504500 ms  DeleteObjects: 0.368500 ms)

AssetImportParameters requested are different than current active one (requested -> active):
  custom:framework-win-MediaFoundation: 216162199b28c13a410421893ffa2e32 -> 
  custom:video-decoder-ogg-theora: a1e56fd34408186e4bbccfd4996cb3dc -> 
  custom:container-muxer-webm: aa71ff27fc2769a1b78a27578f13a17b -> 
  custom:container-demuxer-webm: 4f35f7cbe854078d1ac9338744f61a02 -> 
  custom:container-demuxer-ogg: 62fdf1f143b41e24485cea50d1cbac27 -> 
  custom:video-encoder-webm-vp8: eb34c28f22e8b96e1ab97ce403110664 -> 
  custom:video-decoder-webm-vp8: 9c59270c3fd7afecdb556c50c9e8de78 -> 
  custom:audio-decoder-ogg-vorbis: bf7c407c2cedff20999df2af8eb42d56 -> 
  custom:audio-encoder-webm-vorbis: bf7c407c2cedff20999df2af8eb42d56 -> 
========================================================================
Received Import Request.
  path: Assets/Scenes/play_scene.unity
  artifactKey: Guid(50c5e5ea341f0d144834065e06e38681) Importer(2089858483,934ff659095e30574adcf32a4c2f97b5)
Start importing Assets/Scenes/play_scene.unity using Guid(50c5e5ea341f0d144834065e06e38681) Importer(2089858483,934ff659095e30574adcf32a4c2f97b5)  -> (artifact id: 'e35060a089507736ea14cd486a962de2') in 0.174539 seconds 
========================================================================
Received Import Request.
  Time since last request: 0.000685 seconds.
  path: Assets/Scenes/open_scene.unity
  artifactKey: Guid(95eeb0e36fe1b3e4db8759ecdd7a7f6f) Importer(2089858483,934ff659095e30574adcf32a4c2f97b5)
Start importing Assets/Scenes/open_scene.unity using Guid(95eeb0e36fe1b3e4db8759ecdd7a7f6f) Importer(2089858483,934ff659095e30574adcf32a4c2f97b5)  -> (artifact id: 'e4fe2dce27649b7d9fae1005947a4fae') in 0.009846 seconds 
========================================================================
Received Import Request.
  Time since last request: 0.000733 seconds.
  path: Assets/Resources
  artifactKey: Guid(6f1d224eca5de5f4496c88ec4116e91f) Importer(2089858483,934ff659095e30574adcf32a4c2f97b5)
Start importing Assets/Resources using Guid(6f1d224eca5de5f4496c88ec4116e91f) Importer(2089858483,934ff659095e30574adcf32a4c2f97b5)  -> (artifact id: '0943b65e050515979520ed4507b29ac4') in 0.010492 seconds 
========================================================================
Received Import Request.
  Time since last request: 0.000866 seconds.
  path: Assets/prefab/man.prefab
  artifactKey: Guid(f86c5886f224a0349be26b7a78b9e585) Importer(2089858483,934ff659095e30574adcf32a4c2f97b5)
Start importing Assets/prefab/man.prefab using Guid(f86c5886f224a0349be26b7a78b9e585) Importer(2089858483,934ff659095e30574adcf32a4c2f97b5)  -> (artifact id: '45b0c3c4caa1b7dd6cd32fcc4fc8bfe8') in 0.041687 seconds 
========================================================================
Received Import Request.
  Time since last request: 0.000741 seconds.
  path: Assets/Resources/BillingMode.json
  artifactKey: Guid(f2bac8f16127745478782b9862beffa0) Importer(2089858483,934ff659095e30574adcf32a4c2f97b5)
Start importing Assets/Resources/BillingMode.json using Guid(f2bac8f16127745478782b9862beffa0) Importer(2089858483,934ff659095e30574adcf32a4c2f97b5)  -> (artifact id: '60c80f447a5b1ac9b1b2cd8bc660a47d') in 0.024692 seconds 
AssetImportWorkerClient::OnTransportError - code=2 error=End of file
